<?xml version="1.0" encoding="UTF-8"?>
<!-- Generated by org.testng.reporters.JUnitReportReporter -->
<testsuite hostname="RAM" failures="0" tests="4" name="tests.LoginTest" time="113.451" errors="0" timestamp="02 Feb 2022 17:39:01 GMT" skipped="0">
  <testcase classname="tests.LoginTest" name="loginWithWrongEmailPasswordTest" time="37.463"/>
  <testcase classname="tests.LoginTest" name="loginWithEmptyEmail" time="24.270"/>
  <testcase classname="tests.LoginTest" name="loginWithEmptyPassword" time="25.578"/>
  <testcase classname="tests.LoginTest" name="loginWithSpecialCharacters" time="26.140"/>
</testsuite> <!-- tests.LoginTest -->
